2014-06-13 20:12:27 Debug: user andy added model Band record #A
2014-06-13 20:12:50 Debug: user andy added model Band record #11
2014-06-13 20:12:51 Debug: user andy added model Songid record #149
2014-06-13 20:12:52 Debug: user andy added model Songid record #150
2014-06-13 20:12:53 Debug: user andy added model Songid record #151
2014-06-13 20:12:53 Debug: user andy added model Songid record #152
2014-06-13 20:12:54 Debug: user andy added model Songid record #153
2014-06-13 20:12:55 Debug: user andy added model Songid record #154
2014-06-13 20:12:55 Debug: user andy added model Songid record #155
2014-06-13 20:12:56 Debug: user andy added model Songid record #156
2014-06-13 20:12:57 Debug: user andy added model Songid record #157
2014-06-13 20:12:57 Debug: user andy added model Songid record #158
2014-06-13 20:12:58 Debug: user andy added model Songid record #159
2014-06-13 20:12:59 Debug: user andy added model Songid record #160
2014-06-13 20:13:00 Debug: user andy added model Songid record #161
2014-06-13 20:13:00 Debug: user andy added model Songid record #162
2014-06-13 20:13:01 Debug: user andy added model Songid record #163
2014-06-13 20:13:02 Debug: user andy added model Songid record #164
2014-06-13 20:13:02 Debug: user andy added model Songid record #165
2014-06-13 20:13:42 Debug: user andy modified model Band record #9
2014-06-13 20:13:42 Debug: user andy modified model Songid record #130
2014-06-13 20:13:43 Debug: user andy modified model Songid record #131
2014-06-13 20:13:43 Debug: user andy modified model Songid record #132
2014-06-13 20:13:44 Debug: user andy modified model Songid record #133
2014-06-13 20:13:44 Debug: user andy modified model Songid record #134
2014-06-13 20:13:45 Debug: user andy modified model Songid record #135
2014-06-13 20:13:46 Debug: user andy modified model Songid record #137
2014-06-13 20:13:46 Debug: user andy modified model Songid record #138
2014-06-13 20:13:47 Debug: user andy modified model Songid record #139
2014-06-13 20:16:46 Debug: user andy modified model Band record #9
2014-06-13 20:16:50 Debug: user andy modified model Band record #9
2014-06-13 20:43:54 Debug: user andy added model Band record #1
2014-06-13 20:43:55 Debug: user andy added model Songid record #1
2014-06-13 20:43:55 Debug: user andy added model Songid record #2
2014-06-13 20:43:55 Debug: user andy added model Songid record #3
2014-06-13 20:48:53 Debug: user andy added model Band record #1
2014-06-13 20:48:54 Debug: user andy added model Songid record #1
2014-06-13 20:48:54 Debug: user andy added model Songid record #2
2014-06-13 20:48:54 Debug: user andy added model Songid record #3
2014-06-13 21:11:52 Debug: user andy added model Band record #2
2014-06-13 21:11:53 Debug: user andy added model Songid record #4
2014-06-13 21:11:53 Debug: user andy added model Songid record #5
2014-06-13 21:11:53 Debug: user andy added model Songid record #6
2014-06-13 21:11:53 Debug: user andy added model Songid record #7
2014-06-13 21:11:53 Debug: user andy added model Songid record #8
2014-06-13 21:11:53 Debug: user andy added model Songid record #9
2014-06-13 21:11:53 Debug: user andy added model Songid record #10
2014-06-13 21:11:53 Debug: user andy added model Songid record #11
2014-06-13 21:11:53 Debug: user andy added model Songid record #12
2014-06-13 21:11:53 Debug: user andy added model Songid record #13
2014-06-13 21:11:53 Debug: user andy added model Songid record #14
2014-06-13 21:11:53 Debug: user andy added model Songid record #15
2014-06-13 21:11:53 Debug: user andy added model Songid record #16
2014-06-13 21:11:53 Debug: user andy added model Songid record #17
2014-06-13 21:11:53 Debug: user andy added model Songid record #18
2014-06-13 21:11:53 Debug: user andy added model Songid record #19
2014-06-13 21:11:53 Debug: user andy added model Songid record #20
2014-06-13 21:11:54 Debug: user andy added model Songid record #21
2014-06-13 21:11:54 Debug: user andy added model Songid record #22
2014-06-13 21:17:57 Debug: user andy added model Band record #3
2014-06-13 21:17:57 Debug: user andy added model Songid record #23
2014-06-13 21:17:57 Debug: user andy added model Songid record #24
2014-06-13 21:17:57 Debug: user andy added model Songid record #25
2014-06-13 21:17:57 Debug: user andy added model Songid record #26
2014-06-13 21:17:57 Debug: user andy added model Songid record #27
2014-06-13 21:17:57 Debug: user andy added model Songid record #28
2014-06-13 21:17:57 Debug: user andy added model Songid record #29
2014-06-13 21:17:58 Debug: user andy added model Songid record #30
2014-06-13 21:17:58 Debug: user andy added model Songid record #31
2014-06-13 21:17:58 Debug: user andy added model Songid record #32
2014-06-13 21:17:58 Debug: user andy added model Songid record #33
2014-06-13 21:17:58 Debug: user andy added model Songid record #34
2014-06-13 21:17:58 Debug: user andy added model Songid record #35
2014-06-13 21:17:58 Debug: user andy added model Songid record #36
2014-06-13 21:17:58 Debug: user andy added model Songid record #37
2014-06-13 21:17:58 Debug: user andy added model Songid record #38
2014-06-13 21:17:58 Debug: user andy added model Songid record #39
2014-06-13 21:17:58 Debug: user andy added model Songid record #40
2014-06-13 21:17:59 Debug: user andy added model Songid record #41
2014-06-13 21:18:00 Debug: user andy added model Songid record #42
2014-06-13 21:25:50 Debug: user andy added model Band record #4
2014-06-13 21:25:51 Debug: user andy added model Songid record #43
2014-06-13 21:25:51 Debug: user andy added model Songid record #44
2014-06-13 21:25:51 Debug: user andy added model Songid record #45
2014-06-13 21:25:51 Debug: user andy added model Songid record #46
2014-06-13 21:25:51 Debug: user andy added model Songid record #47
2014-06-13 21:25:51 Debug: user andy added model Songid record #48
2014-06-13 21:25:51 Debug: user andy added model Songid record #49
2014-06-13 21:25:51 Debug: user andy added model Songid record #50
2014-06-13 21:25:51 Debug: user andy added model Songid record #51
2014-06-13 21:25:51 Debug: user andy added model Songid record #52
2014-06-13 21:25:51 Debug: user andy added model Songid record #53
2014-06-13 21:25:51 Debug: user andy added model Songid record #54
2014-06-13 21:25:51 Debug: user andy added model Songid record #55
2014-06-13 21:25:51 Debug: user andy added model Songid record #56
2014-06-13 21:25:51 Debug: user andy added model Songid record #57
2014-06-13 21:25:51 Debug: user andy added model Songid record #58
2014-06-13 21:25:53 Debug: user andy added model Songid record #59
2014-06-13 21:25:53 Debug: user andy added model Songid record #60
2014-06-13 21:25:53 Debug: user andy added model Songid record #61
2014-06-13 21:25:53 Debug: user andy added model Songid record #62
2014-06-13 21:25:56 Debug: user andy added model Band record #5
2014-06-13 21:25:56 Debug: user andy added model Songid record #63
2014-06-13 21:25:56 Debug: user andy added model Songid record #64
2014-06-13 21:25:56 Debug: user andy added model Songid record #65
2014-06-13 21:25:57 Debug: user andy added model Songid record #66
2014-06-13 21:25:57 Debug: user andy added model Songid record #67
2014-06-13 21:25:57 Debug: user andy added model Songid record #68
2014-06-13 21:25:57 Debug: user andy added model Songid record #69
2014-06-13 21:25:57 Debug: user andy added model Songid record #70
2014-06-13 21:25:57 Debug: user andy added model Songid record #71
2014-06-13 21:25:58 Debug: user andy added model Songid record #72
2014-06-13 21:25:58 Debug: user andy added model Songid record #73
2014-06-13 21:25:59 Debug: user andy added model Songid record #74
2014-06-13 21:25:59 Debug: user andy added model Songid record #75
2014-06-13 21:25:59 Debug: user andy added model Songid record #76
2014-06-13 21:25:59 Debug: user andy added model Songid record #77
2014-06-13 21:25:59 Debug: user andy added model Songid record #78
2014-06-13 21:25:59 Debug: user andy added model Songid record #79
2014-06-13 21:26:00 Debug: user andy added model Songid record #80
2014-06-13 21:26:00 Debug: user andy added model Songid record #81
2014-06-13 21:26:01 Debug: user andy added model Songid record #82
2014-06-13 21:26:04 Debug: user andy added model Band record #6
2014-06-13 21:26:04 Debug: user andy added model Songid record #83
2014-06-13 21:26:04 Debug: user andy added model Songid record #84
2014-06-13 21:26:04 Debug: user andy added model Songid record #85
2014-06-13 21:26:04 Debug: user andy added model Songid record #86
2014-06-13 21:26:04 Debug: user andy added model Songid record #87
2014-06-13 21:26:05 Debug: user andy added model Songid record #88
2014-06-13 21:26:05 Debug: user andy added model Songid record #89
2014-06-13 21:26:05 Debug: user andy added model Songid record #90
2014-06-13 21:26:05 Debug: user andy added model Songid record #91
2014-06-13 21:26:05 Debug: user andy added model Songid record #92
2014-06-13 21:26:05 Debug: user andy added model Songid record #93
2014-06-13 21:26:05 Debug: user andy added model Songid record #94
2014-06-13 21:26:05 Debug: user andy added model Songid record #95
2014-06-13 21:26:05 Debug: user andy added model Songid record #96
2014-06-13 21:26:05 Debug: user andy added model Songid record #97
2014-06-13 21:26:05 Debug: user andy added model Songid record #98
2014-06-13 21:26:05 Debug: user andy added model Songid record #99
2014-06-13 21:26:05 Debug: user andy added model Songid record #100
2014-06-13 21:26:05 Debug: user andy added model Songid record #101
2014-06-13 21:26:05 Debug: user andy added model Songid record #102
2014-06-13 21:26:08 Debug: user andy added model Band record #7
2014-06-13 21:26:08 Debug: user andy added model Songid record #103
2014-06-13 21:26:08 Debug: user andy added model Songid record #104
2014-06-13 21:26:09 Debug: user andy added model Songid record #105
2014-06-13 21:26:09 Debug: user andy added model Songid record #106
2014-06-13 21:26:09 Debug: user andy added model Songid record #107
2014-06-13 21:26:09 Debug: user andy added model Songid record #108
2014-06-13 21:26:09 Debug: user andy added model Songid record #109
2014-06-13 21:26:09 Debug: user andy added model Songid record #110
2014-06-13 21:26:09 Debug: user andy added model Songid record #111
2014-06-13 21:26:09 Debug: user andy added model Songid record #112
2014-06-13 21:26:10 Debug: user andy added model Songid record #113
2014-06-13 21:26:10 Debug: user andy added model Songid record #114
2014-06-13 21:26:11 Debug: user andy added model Songid record #115
2014-06-13 21:26:11 Debug: user andy added model Songid record #116
2014-06-13 21:26:12 Debug: user andy added model Songid record #117
2014-06-13 21:26:13 Debug: user andy added model Songid record #118
2014-06-13 21:26:13 Debug: user andy added model Songid record #119
2014-06-13 21:26:14 Debug: user andy added model Songid record #120
2014-06-13 21:26:14 Debug: user andy added model Songid record #121
2014-06-13 21:26:14 Debug: user andy added model Songid record #122
2014-06-13 21:26:17 Debug: user andy added model Band record #8
2014-06-13 21:26:18 Debug: user andy added model Songid record #123
2014-06-13 21:26:19 Debug: user andy added model Songid record #124
2014-06-13 21:26:20 Debug: user andy added model Songid record #125
2014-06-13 21:26:20 Debug: user andy added model Songid record #126
2014-06-13 21:26:20 Debug: user andy added model Songid record #127
2014-06-13 21:26:20 Debug: user andy added model Songid record #128
2014-06-13 21:26:20 Debug: user andy added model Songid record #129
2014-06-13 21:26:20 Debug: user andy added model Songid record #130
2014-06-13 21:26:21 Debug: user andy added model Songid record #131
2014-06-13 21:26:21 Debug: user andy added model Songid record #132
2014-06-13 21:26:22 Debug: user andy added model Songid record #133
2014-06-13 21:26:22 Debug: user andy added model Songid record #134
2014-06-13 21:26:23 Debug: user andy added model Songid record #135
2014-06-13 21:26:24 Debug: user andy added model Songid record #136
2014-06-13 21:26:24 Debug: user andy added model Songid record #137
2014-06-13 21:26:25 Debug: user andy added model Songid record #138
2014-06-13 21:26:25 Debug: user andy added model Songid record #139
2014-06-13 21:26:26 Debug: user andy added model Songid record #140
2014-06-13 21:26:26 Debug: user andy added model Songid record #141
2014-06-13 21:26:27 Debug: user andy added model Songid record #142
2014-06-13 21:26:30 Debug: user andy added model Band record #9
2014-06-13 21:26:30 Debug: user andy added model Songid record #143
2014-06-13 21:26:30 Debug: user andy added model Songid record #144
2014-06-13 21:26:30 Debug: user andy added model Songid record #145
2014-06-13 21:26:31 Debug: user andy added model Songid record #146
2014-06-13 21:26:31 Debug: user andy added model Songid record #147
2014-06-13 21:26:32 Debug: user andy added model Songid record #148
2014-06-13 21:26:32 Debug: user andy added model Songid record #149
2014-06-13 21:26:32 Debug: user andy added model Songid record #150
2014-06-13 21:26:32 Debug: user andy added model Songid record #151
2014-06-13 21:26:32 Debug: user andy added model Songid record #152
2014-06-13 21:26:32 Debug: user andy added model Songid record #153
2014-06-13 21:26:32 Debug: user andy added model Songid record #154
2014-06-13 21:26:33 Debug: user andy added model Songid record #155
2014-06-13 21:26:33 Debug: user andy added model Songid record #156
2014-06-13 21:26:33 Debug: user andy added model Songid record #157
2014-06-13 21:26:33 Debug: user andy added model Songid record #158
2014-06-13 21:26:33 Debug: user andy added model Songid record #159
2014-06-13 21:26:33 Debug: user andy added model Songid record #160
2014-06-13 21:26:34 Debug: user andy added model Songid record #161
2014-06-13 21:26:34 Debug: user andy added model Songid record #162
2014-06-13 21:26:37 Debug: user andy added model Band record #10
2014-06-13 21:26:37 Debug: user andy added model Songid record #163
2014-06-13 21:26:37 Debug: user andy added model Songid record #164
2014-06-13 21:26:37 Debug: user andy added model Songid record #165
2014-06-13 21:26:37 Debug: user andy added model Songid record #166
2014-06-13 21:26:37 Debug: user andy added model Songid record #167
2014-06-13 21:26:37 Debug: user andy added model Songid record #168
2014-06-13 21:26:37 Debug: user andy added model Songid record #169
2014-06-13 21:26:37 Debug: user andy added model Songid record #170
2014-06-13 21:26:37 Debug: user andy added model Songid record #171
2014-06-13 21:26:38 Debug: user andy added model Songid record #172
2014-06-13 21:26:38 Debug: user andy added model Songid record #173
2014-06-13 21:26:39 Debug: user andy added model Songid record #174
2014-07-22 18:54:34 Debug: user andy modified model Band record #3974
2014-07-22 18:55:21 Debug: user andy modified model Band record #3974
2014-07-22 18:57:36 Debug: user andy modified model Band record #3974
2014-07-22 18:58:36 Debug: user andy modified model Band record #3974
2014-07-22 18:59:04 Debug: user andy modified model Band record #3974
2014-07-22 19:06:22 Debug: user andy modified model Band record #3974
2014-07-22 19:06:47 Debug: user andy modified model Band record #3974
2014-07-22 19:07:07 Debug: user andy modified model Band record #3974
2014-07-22 19:12:18 Debug: user andy modified model Band record #3974
2014-07-22 19:20:08 Debug: user andy modified model Band record #3974
2014-07-22 19:20:44 Debug: user andy modified model Band record #3974
2014-07-22 19:21:35 Debug: user andy modified model Band record #3974
2014-07-22 19:23:56 Debug: user andy modified model Band record #3974
2014-07-22 19:25:04 Debug: user andy modified model Band record #3974
2014-07-22 19:25:18 Debug: user andy modified model Band record #3974
2014-07-22 19:28:36 Debug: user andy modified model Band record #3974
2014-07-22 19:28:39 Debug: user andy modified model Band record #3974
2014-07-22 19:28:42 Debug: user andy modified model Band record #3974
2014-07-22 19:28:46 Debug: user andy modified model Band record #3974
2014-07-22 19:30:56 Debug: user andy modified model Band record #3974
2014-07-28 02:28:47 Debug: user andy added model Band record #4
2014-07-28 02:28:47 Debug: user andy added model Songid record #60
2014-07-28 02:28:48 Debug: user andy added model Songid record #61
2014-07-28 02:28:48 Debug: user andy added model Songid record #62
2014-07-28 02:28:48 Debug: user andy added model Songid record #63
2014-07-28 02:28:48 Debug: user andy added model Songid record #64
2014-07-28 02:28:48 Debug: user andy added model Songid record #65
2014-07-28 02:28:48 Debug: user andy added model Songid record #66
2014-07-28 02:28:48 Debug: user andy added model Songid record #67
2014-07-28 02:28:48 Debug: user andy added model Songid record #68
2014-07-28 02:28:48 Debug: user andy added model Songid record #69
2014-07-28 02:28:48 Debug: user andy added model Songid record #70
2014-07-28 02:28:48 Debug: user andy added model Songid record #71
2014-07-28 02:28:48 Debug: user andy added model Songid record #72
2014-07-28 02:28:49 Debug: user andy added model Songid record #73
2014-07-28 02:28:49 Debug: user andy added model Songid record #74
2014-07-28 02:28:49 Debug: user andy added model Songid record #75
2014-07-28 02:28:49 Debug: user andy added model Songid record #76
2014-07-28 02:28:50 Debug: user andy added model Songid record #77
2014-07-28 02:28:50 Debug: user andy added model Songid record #78
2014-07-28 02:28:54 Debug: user andy modified model Band record #4
2014-07-28 02:29:54 Debug: user andy modified model Band record #4
2014-07-28 02:32:09 Debug: user andy modified model Band record #4
2014-07-28 02:32:26 Debug: user andy modified model Band record #4
2014-07-28 02:32:33 Debug: user andy modified model Band record #4
2014-08-19 22:29:08 Debug: 
From: Nombre Remitente <name@domain.com>
To: andreskrey@gmail.com
X-Mailer: CakePHP Email
Date: Tue, 19 Aug 2014 22:29:07 +0000
Message-ID: <53f3cfb32d44477394260f989b58223d@localhost>
Subject: Password restore for tothebestof.com
MIME-Version: 1.0
Content-Type: text/html; charset=UTF-8
Content-Transfer-Encoding: 8bit
<!DOCTYPE html PUBLIC "-//W3C//DTD HTML 4.01//EN">
<html>
  <head>
    <title>Email</title>
  </head>
  <body>
    <h1>Hey, andy, lost your password?</h1>
    <p>Here's a new one: cefb4f3e</p>
    <p><strong>Have a nice day, adios!</strong></p>
  </body>
</html>

2014-08-19 22:29:42 Debug: 
From: Nombre Remitente <name@domain.com>
To: andreskrey@gmail.com
X-Mailer: CakePHP Email
Date: Tue, 19 Aug 2014 22:29:42 +0000
Message-ID: <53f3cfd61e68413eb5b10f989b58223d@localhost>
Subject: Password restore for tothebestof.com
MIME-Version: 1.0
Content-Type: text/html; charset=UTF-8
Content-Transfer-Encoding: 8bit
<!DOCTYPE html PUBLIC "-//W3C//DTD HTML 4.01//EN">
<html>
  <head>
    <title>Email</title>
  </head>
  <body>
    <h1>Hey, andy, lost your password?</h1>
    <p>Here's a new one: 83bb1f3f</p>
    <p><strong>Have a nice day, adios!</strong></p>
  </body>
</html>

2014-08-19 22:38:45 Debug: 
From: "Tothebestof.com" <password@tothebestof.com>
To: andreskrey@gmail.com
X-Mailer: CakePHP Email
Date: Tue, 19 Aug 2014 22:38:44 +0000
Message-ID: <53f3d1f4b3d846149dec0f989b58223d@localhost>
Subject: Password restore for tothebestof.com
MIME-Version: 1.0
Content-Type: text/html; charset=UTF-8
Content-Transfer-Encoding: 8bit
<!DOCTYPE html PUBLIC "-//W3C//DTD HTML 4.01//EN">
<html>
  <head>
    <title>Email</title>
  </head>
  <body>
    <h1>Hey, andy, lost your password?</h1>
    <p>Here's a new one: 0f0ce9c7</p>
    <p><strong>Have a nice day, adios!</strong></p>
  </body>
</html>

2014-08-19 22:39:54 Debug: 
From: "Tothebestof.com" <password@tothebestof.com>
To: andreskrey@gmail.com
X-Mailer: CakePHP Email
Date: Tue, 19 Aug 2014 22:39:53 +0000
Message-ID: <53f3d23907244f6bb99a0f989b58223d@localhost>
Subject: Password restore for tothebestof.com
MIME-Version: 1.0
Content-Type: text/html; charset=UTF-8
Content-Transfer-Encoding: 8bit
<!DOCTYPE html PUBLIC "-//W3C//DTD HTML 4.01//EN">
<html>
  <head>
    <title>Email</title>
  </head>
  <body>
    <h1>Hey, andy, lost your password?</h1>
    <p>Here's a new one: 57f77abb</p>
    <p><strong>Have a nice day, adios!</strong></p>
    <p>Psst: This is an unmonitored account, don't reply, no one will ever read your email. (Maybe once every year or so).</p>
  </body>
</html>

2014-08-25 02:05:04 Debug: user andy added model Favorite record #2
2014-08-25 02:36:55 Debug: user andy modified model Band record #2
2014-08-25 20:44:16 Debug: user andy modified model Band record #2
2014-08-25 20:45:25 Debug: user andy modified model Band record #2
2014-08-25 20:50:13 Debug: user andy added model Band record #16
2014-08-25 20:50:14 Debug: user andy added model Songid record #284
2014-08-25 20:50:14 Debug: user andy added model Songid record #285
2014-08-25 20:50:14 Debug: user andy added model Songid record #286
2014-08-25 20:50:14 Debug: user andy added model Songid record #287
2014-08-25 20:50:14 Debug: user andy added model Songid record #288
2014-08-25 20:50:14 Debug: user andy added model Songid record #289
2014-08-25 20:50:14 Debug: user andy added model Songid record #290
2014-08-25 20:50:14 Debug: user andy added model Songid record #291
2014-08-25 20:50:14 Debug: user andy added model Songid record #292
2014-08-25 20:50:15 Debug: user andy added model Songid record #293
2014-08-25 20:50:15 Debug: user andy added model Songid record #294
2014-08-25 20:50:15 Debug: user andy added model Songid record #295
2014-08-25 20:50:15 Debug: user andy added model Songid record #296
2014-08-25 20:50:16 Debug: user andy added model Songid record #297
2014-08-25 20:50:17 Debug: user andy added model Songid record #298
2014-08-25 20:50:18 Debug: user andy added model Songid record #299
2014-08-25 20:50:18 Debug: user andy added model Songid record #300
2014-08-25 20:50:18 Debug: user andy added model Songid record #301
2014-08-25 20:50:19 Debug: user andy added model Songid record #302
2014-08-25 20:50:20 Debug: user andy added model Songid record #303
2014-08-25 21:33:53 Debug: user andy modified model Band record #2
2014-08-28 17:49:06 Debug: 
From: "Tothebestof.com" <andy@tothebestof.com>
To: andreskrey@gmail.com
X-Mailer: CakePHP Email
Date: Thu, 28 Aug 2014 17:49:05 +0000
Message-ID: <53ff6b9121a846799b4b1c249b58223d@localhost>
Subject: Password restore for tothebestof.com
MIME-Version: 1.0
Content-Type: text/html; charset=UTF-8
Content-Transfer-Encoding: 8bit
<!DOCTYPE html PUBLIC "-//W3C//DTD HTML 4.01//EN">
<html>
<head>
    <title>Email</title>
</head>
<body>
<h1>Nuevo contacto</h1>
<p>Nombre: </p>
<p>Mensaje: </p>
</body>
</html>

2014-08-28 17:50:30 Debug: 
From: "Tothebestof.com" <andy@tothebestof.com>
To: andreskrey@gmail.com
X-Mailer: CakePHP Email
Date: Thu, 28 Aug 2014 17:50:29 +0000
Message-ID: <53ff6be59cb0490faf951c249b58223d@localhost>
Subject: Contacto desde tothebestof.com
MIME-Version: 1.0
Content-Type: text/html; charset=UTF-8
Content-Transfer-Encoding: 8bit
<!DOCTYPE html PUBLIC "-//W3C//DTD HTML 4.01//EN">
<html>
<head>
    <title>Email</title>
</head>
<body>
<h1>Nuevo contacto</h1>
<p>Nombre: </p>
<p>Mensaje: rwe</p>
</body>
</html>

2014-08-28 17:51:59 Debug: 
From: "Tothebestof.com" <andy@tothebestof.com>
To: andreskrey@gmail.com
X-Mailer: CakePHP Email
Date: Thu, 28 Aug 2014 17:51:59 +0000
Message-ID: <53ff6c3fea2c4d59beac1c249b58223d@localhost>
Subject: Contacto desde tothebestof.com
MIME-Version: 1.0
Content-Type: text/html; charset=UTF-8
Content-Transfer-Encoding: 8bit
<!DOCTYPE html PUBLIC "-//W3C//DTD HTML 4.01//EN">
<html>
<head>
    <title>Email</title>
</head>
<body>
<h1>Nuevo contacto</h1>
<p>Nombre: </p>
<p>Mensaje: rwe</p>
</body>
</html>

2014-08-28 17:53:10 Debug: 
From: "Tothebestof.com" <andy@tothebestof.com>
To: andreskrey@gmail.com
X-Mailer: CakePHP Email
Date: Thu, 28 Aug 2014 17:53:10 +0000
Message-ID: <53ff6c8612e4469492c11c249b58223d@localhost>
Subject: Contacto desde tothebestof.com
MIME-Version: 1.0
Content-Type: text/html; charset=UTF-8
Content-Transfer-Encoding: 8bit
<!DOCTYPE html PUBLIC "-//W3C//DTD HTML 4.01//EN">
<html>
<head>
    <title>Email</title>
</head>
<body>
<h1>Nuevo contacto</h1>
<p>Nombre: </p>
<p>Mensaje: rwe</p>
</body>
</html>

2014-11-11 11:58:16 Debug: user andy added model Hit record #1
2014-11-11 11:58:26 Debug: user andy added model Hit record #2
2014-11-11 11:58:28 Debug: user andy added model Hit record #3
